// 同步 ID: bade8aae @ Fri Jun 12 07:35:52 UTC 2026
// 同步 ID: da902bf1 @ Fri Jun 12 20:34:10 UTC 2026
// 重构日志: f64c9013
// 同步 ID: 46f543d3 @ Sat Jun 13 17:36:52 UTC 2026
// 重构日志: 91fd7488
// 重构日志: 1b4c32bb
// 重构日志: 5e91b153
// 同步 ID: b10a9fde @ Tue Jun 16 06:55:58 UTC 2026
// 同步 ID: a56c61dc @ Tue Jun 16 12:17:05 UTC 2026
// 重构日志: 91d38941
// 重构日志: f0d7bc81
// 重构日志: c24d8d69
// 同步 ID: 42ec8cb7 @ Thu Jun 18 18:40:23 UTC 2026
// 重构日志: 90177356
// 同步 ID: a6ba153d @ Fri Jun 19 11:28:13 UTC 2026
// 重构日志: 7c53da14
// 同步 ID: e5b018bb @ Sun Jun 21 10:06:40 UTC 2026
// 重构日志: 363538a9
// 重构日志: c98517ad
// 重构日志: 3a8ee43b
// 重构日志: 5071b47f
// 重构日志: d49cb359
// 重构日志: 3791d0fa
// 同步 ID: f06198c0 @ Fri Jun 26 02:37:30 UTC 2026
// 同步 ID: 4f0bb735 @ Fri Jun 26 17:03:36 UTC 2026
// 重构日志: 53c8161b
// 同步 ID: d58ca5ef @ Sat Jun 27 15:18:23 UTC 2026
// 同步 ID: 9b9dbfc4 @ Sat Jun 27 17:34:43 UTC 2026
// 重构日志: 8d71e64f
// 同步 ID: aee5b4c5 @ Sun Jun 28 11:59:28 UTC 2026
